Processed: /Users/aashna/Desktop/CRWN 102 Project/dashboards-are-dead-app/metrics/2025-08-20.1/row_counts/theme=buildings/type=building/part-00000-12e3535d-d843-4bfa-ae30-52af758ed471-c000.csv
Processed: /Users/aashna/Desktop/CRWN 102 Project/dashboards-are-dead-app/metrics/2025-08-20.1/row_counts/theme=buildings/type=building_part/part-00000-87ef2a24-5818-4234-975f-2a53283ccd69-c000.csv
Processed: /Users/aashna/Desktop/CRWN 102 Project/dashboards-are-dead-app/metrics/2025-08-20.1/row_counts/theme=base/type=land_cover/part-00000-33196e33-40c0-45e1-a2f9-a65a69405bf9-c000.csv
Processed: /Users/aashna/Desktop/CRWN 102 Project/dashboards-are-dead-app/metrics/2025-08-20.1/row_counts/theme=base/type=infrastructure/part-00000-d8962f3b-9618-4e62-af03-789e15d0f4b4-c000.csv
Processed: /Users/aashna/Desktop/CRWN 102 Project/dashboards-are-dead-app/metrics/2025-08-20.1/row_counts/theme=base/type=land/part-00000-300bd285-aa51-41e5-926a-a8ce5b222a63-c000.csv
Processed: /Users/aashna/Desktop/CRWN 102 Project/dashboards-are-dead-app/metrics/2025-08-20.1/row_counts/theme=base/type=water/part-00000-0fd7d0d5-31f5-494c-866c-0ee18aaff34c-c000.csv
Processed: /Users/aashna/Desktop/CRWN 102 Project/dashboards-are-dead-app/metrics/2025-08-20.1/row_counts/theme=base/type=land_use/part-00000-d0ff4394-2a34-44f7-930f-fdc44d0c926d-c000.csv
Processed: /Users/aashna/Desktop/CRWN 102 Project/dashboards-are-dead-app/metrics/2025-08-20.1/row_counts/theme=base/type=bathymetry/part-00000-fc732fff-bb75-4211-9112-e97a21e1dd11-c000.csv
Processed: /Users/aashna/Desktop/CRWN 102 Project/dashboards-are-dead-app/metrics/2025-08-20.1/row_counts/theme=places/type=place/part-00000-085ad482-ba3b-4684-a5e8-a3b3f7470b24-c000.csv
Processed: /Users/aashna/Desktop/CRWN 102 Project/dashboards-are-dead-app/metrics/2025-08-20.1/row_counts/theme=divisions/type=division_boundary/part-00000-5607ade4-16b1-42f5-ae32-db55f2b7abdd-c000.csv
Processed: /Users/aashna/Desktop/CRWN 102 Project/dashboards-are-dead-app/metrics/2025-08-20.1/row_counts/theme=divisions/type=division/part-00000-f5272112-0df6-4a34-aeb0-f5db4df5ba78-c000.csv
Processed: /Users/aashna/Desktop/CRWN 102 Project/dashboards-are-dead-app/metrics/2025-08-20.1/row_counts/theme=divisions/type=division_area/part-00000-115c3759-8f2e-4c59-8a75-4477157cb806-c000.csv
Processed: /Users/aashna/Desktop/CRWN 102 Project/dashboards-are-dead-app/metrics/2025-08-20.1/row_counts/theme=transportation/type=segment/part-00000-d811e5dd-5e94-421f-b272-486f5500ca33-c000.csv
Processed: /Users/aashna/Desktop/CRWN 102 Project/dashboards-are-dead-app/metrics/2025-08-20.1/row_counts/theme=transportation/type=connector/part-00000-11d5dcb3-da4b-45b2-a8c4-dbc34381e3ce-c000.csv
Processed: /Users/aashna/Desktop/CRWN 102 Project/dashboards-are-dead-app/metrics/2025-08-20.1/row_counts/theme=addresses/type=address/part-00000-0891a01a-69ed-4e04-b8ff-b50b782f32f7-c000.csv
Processed: /Users/aashna/Desktop/CRWN 102 Project/dashboards-are-dead-app/metrics/2025-06-25.0/row_counts/theme=buildings/type=building/part-00000-3f3b429d-1674-4a57-be74-354fc06afa9c-c000.csv
Processed: /Users/aashna/Desktop/CRWN 102 Project/dashboards-are-dead-app/metrics/2025-06-25.0/row_counts/theme=buildings/type=building_part/part-00000-d5548916-003c-4661-be84-af5ccb541ecd-c000.csv
Processed: /Users/aashna/Desktop/CRWN 102 Project/dashboards-are-dead-app/metrics/2025-06-25.0/row_counts/theme=base/type=land_cover/part-00000-04c205fd-39d2-4a9e-9165-30553ab3af79-c000.csv
Processed: /Users/aashna/Desktop/CRWN 102 Project/dashboards-are-dead-app/metrics/2025-06-25.0/row_counts/theme=base/type=infrastructure/part-00000-3391f811-4b22-40d1-9167-e2fb4f0fa7a5-c000.csv
Processed: /Users/aashna/Desktop/CRWN 102 Project/dashboards-are-dead-app/metrics/2025-06-25.0/row_counts/theme=base/type=land/part-00000-cbfc7f74-9b5f-47a6-9f1c-51cdb06d86e4-c000.csv
Processed: /Users/aashna/Desktop/CRWN 102 Project/dashboards-are-dead-app/metrics/2025-06-25.0/row_counts/theme=base/type=water/part-00000-30691153-d51e-4fff-92c6-282ff974aead-c000.csv
Processed: /Users/aashna/Desktop/CRWN 102 Project/dashboards-are-dead-app/metrics/2025-06-25.0/row_counts/theme=base/type=land_use/part-00000-d4ffed82-5cc8-473d-8949-de22c055fbbf-c000.csv
Processed: /Users/aashna/Desktop/CRWN 102 Project/dashboards-are-dead-app/metrics/2025-06-25.0/row_counts/theme=base/type=bathymetry/part-00000-c3d282d0-d1ef-47f9-bd48-49f892016c1e-c000.csv
Processed: /Users/aashna/Desktop/CRWN 102 Project/dashboards-are-dead-app/metrics/2025-06-25.0/row_counts/theme=places/type=place/part-00000-3c079562-8de8-47c7-ae70-efc27105af36-c000.csv
Processed: /Users/aashna/Desktop/CRWN 102 Project/dashboards-are-dead-app/metrics/2025-06-25.0/row_counts/theme=divisions/type=division_boundary/part-00000-bbb38209-c9e7-4527-b72a-606926c6809a-c000.csv
Processed: /Users/aashna/Desktop/CRWN 102 Project/dashboards-are-dead-app/metrics/2025-06-25.0/row_counts/theme=divisions/type=division/part-00000-831aed42-bfb8-4110-870f-47915895cb31-c000.csv
Processed: /Users/aashna/Desktop/CRWN 102 Project/dashboards-are-dead-app/metrics/2025-06-25.0/row_counts/theme=divisions/type=division_area/part-00000-bb417986-67ff-4c2a-ba08-28ed5ab21c05-c000.csv
Processed: /Users/aashna/Desktop/CRWN 102 Project/dashboards-are-dead-app/metrics/2025-06-25.0/row_counts/theme=transportation/type=segment/part-00000-1f128852-3576-479a-a96d-3adbca5ac3da-c000.csv
Processed: /Users/aashna/Desktop/CRWN 102 Project/dashboards-are-dead-app/metrics/2025-06-25.0/row_counts/theme=transportation/type=connector/part-00000-92446f6f-641e-4bab-8c10-87918fe0b253-c000.csv
Processed: /Users/aashna/Desktop/CRWN 102 Project/dashboards-are-dead-app/metrics/2025-06-25.0/row_counts/theme=addresses/type=address/part-00000-88156b1f-5280-46bd-b4c3-50aba9696776-c000.csv
Processed: /Users/aashna/Desktop/CRWN 102 Project/dashboards-are-dead-app/metrics/2025-01-22.0/row_counts/theme=buildings/type=building/part-00000-9ed9ff4e-8700-4452-b7b7-561204ef426f-c000.csv
Processed: /Users/aashna/Desktop/CRWN 102 Project/dashboards-are-dead-app/metrics/2025-01-22.0/row_counts/theme=buildings/type=building_part/part-00000-5a3ee3e3-160c-4377-b02c-cdd2561b1d15-c000.csv
Processed: /Users/aashna/Desktop/CRWN 102 Project/dashboards-are-dead-app/metrics/2025-01-22.0/row_counts/theme=base/type=land_cover/part-00000-cbdbd372-bb9a-480f-ac6f-ca13512b4b73-c000.csv
Processed: /Users/aashna/Desktop/CRWN 102 Project/dashboards-are-dead-app/metrics/2025-01-22.0/row_counts/theme=base/type=infrastructure/part-00000-83cc2496-aba6-48d4-b376-da074f1bccfe-c000.csv
Processed: /Users/aashna/Desktop/CRWN 102 Project/dashboards-are-dead-app/metrics/2025-01-22.0/row_counts/theme=base/type=land/part-00000-2e9a8110-7488-4b30-9fbb-e5f0c4b82cea-c000.csv
Processed: /Users/aashna/Desktop/CRWN 102 Project/dashboards-are-dead-app/metrics/2025-01-22.0/row_counts/theme=base/type=water/part-00000-2e6154a3-a2f5-44d9-9f03-f93425139b49-c000.csv
Processed: /Users/aashna/Desktop/CRWN 102 Project/dashboards-are-dead-app/metrics/2025-01-22.0/row_counts/theme=base/type=land_use/part-00000-b88efb79-362c-490c-954e-e19d286cae79-c000.csv
Processed: /Users/aashna/Desktop/CRWN 102 Project/dashboards-are-dead-app/metrics/2025-01-22.0/row_counts/theme=base/type=bathymetry/part-00000-fcdb81f8-8185-406c-89ec-93e5f14f39a9-c000.csv
Processed: /Users/aashna/Desktop/CRWN 102 Project/dashboards-are-dead-app/metrics/2025-01-22.0/row_counts/theme=places/type=place/part-00000-b58a2d48-ecf6-4637-b517-1a4b14ecdb7d-c000.csv
Processed: /Users/aashna/Desktop/CRWN 102 Project/dashboards-are-dead-app/metrics/2025-01-22.0/row_counts/theme=divisions/type=division_boundary/part-00000-0bd38559-06ec-48f8-b6e9-5f96dbdacfd5-c000.csv
Processed: /Users/aashna/Desktop/CRWN 102 Project/dashboards-are-dead-app/metrics/2025-01-22.0/row_counts/theme=divisions/type=division/part-00000-779d451b-154f-4303-ab2e-e8078901f001-c000.csv
Processed: /Users/aashna/Desktop/CRWN 102 Project/dashboards-are-dead-app/metrics/2025-01-22.0/row_counts/theme=divisions/type=division_area/part-00000-627efaf2-a9a0-4fe3-80fb-721b47423f68-c000.csv
Processed: /Users/aashna/Desktop/CRWN 102 Project/dashboards-are-dead-app/metrics/2025-01-22.0/row_counts/theme=transportation/type=segment/part-00000-a966cd25-4c12-4acb-8935-8ea5b615cc30-c000.csv
Processed: /Users/aashna/Desktop/CRWN 102 Project/dashboards-are-dead-app/metrics/2025-01-22.0/row_counts/theme=transportation/type=connector/part-00000-6e344d7c-9e62-4863-b603-9304695a7f77-c000.csv
Processed: /Users/aashna/Desktop/CRWN 102 Project/dashboards-are-dead-app/metrics/2025-01-22.0/row_counts/theme=addresses/type=address/part-00000-a6ae7f2e-7464-4ae1-b770-e53ab6b017b5-c000.csv
Processed: /Users/aashna/Desktop/CRWN 102 Project/dashboards-are-dead-app/metrics/2025-09-24.0/row_counts/theme=buildings/type=building/part-00000-4dc1654e-570c-4f17-8352-4db4e7c5931e-c000.csv
Processed: /Users/aashna/Desktop/CRWN 102 Project/dashboards-are-dead-app/metrics/2025-09-24.0/row_counts/theme=buildings/type=building_part/part-00000-748998a4-e7e7-472c-8cd2-1c678bc16363-c000.csv
Processed: /Users/aashna/Desktop/CRWN 102 Project/dashboards-are-dead-app/metrics/2025-09-24.0/row_counts/theme=base/type=land_cover/part-00000-2648b188-d8de-47a1-9bea-6650eef1f817-c000.csv
Processed: /Users/aashna/Desktop/CRWN 102 Project/dashboards-are-dead-app/metrics/2025-09-24.0/row_counts/theme=base/type=infrastructure/part-00000-48fff74e-b7f2-4693-881c-a51f701fe095-c000.csv
Processed: /Users/aashna/Desktop/CRWN 102 Project/dashboards-are-dead-app/metrics/2025-09-24.0/row_counts/theme=base/type=land/part-00000-f90cb6d9-2f4c-4f96-b18c-7a644e9906f7-c000.csv
Processed: /Users/aashna/Desktop/CRWN 102 Project/dashboards-are-dead-app/metrics/2025-09-24.0/row_counts/theme=base/type=water/part-00000-a5beb868-34c0-4f8d-9ccb-36ba293282e2-c000.csv
Processed: /Users/aashna/Desktop/CRWN 102 Project/dashboards-are-dead-app/metrics/2025-09-24.0/row_counts/theme=base/type=land_use/part-00000-f6601cb1-3a9b-4bd3-aff9-65c65cecdba9-c000.csv
Processed: /Users/aashna/Desktop/CRWN 102 Project/dashboards-are-dead-app/metrics/2025-09-24.0/row_counts/theme=base/type=bathymetry/part-00000-4f9b3aac-7334-4cc6-8e82-b11fdc139aab-c000.csv
Processed: /Users/aashna/Desktop/CRWN 102 Project/dashboards-are-dead-app/metrics/2025-09-24.0/row_counts/theme=places/type=place/part-00000-85435618-7f01-4e20-afc2-201751fee08c-c000.csv
Processed: /Users/aashna/Desktop/CRWN 102 Project/dashboards-are-dead-app/metrics/2025-09-24.0/row_counts/theme=divisions/type=division_boundary/part-00000-2eb4f6c7-09ba-433c-bd4d-107642ba4469-c000.csv
Processed: /Users/aashna/Desktop/CRWN 102 Project/dashboards-are-dead-app/metrics/2025-09-24.0/row_counts/theme=divisions/type=division/part-00000-866c8f9c-c6f2-4186-b904-9bf56128d33a-c000.csv
Processed: /Users/aashna/Desktop/CRWN 102 Project/dashboards-are-dead-app/metrics/2025-09-24.0/row_counts/theme=divisions/type=division_area/part-00000-4b31bf3b-8160-4abf-b9ff-bd32a88d7a40-c000.csv
Processed: /Users/aashna/Desktop/CRWN 102 Project/dashboards-are-dead-app/metrics/2025-09-24.0/row_counts/theme=transportation/type=segment/part-00000-551661ec-61e3-4b1b-a4a5-4bd7803f1135-c000.csv
Processed: /Users/aashna/Desktop/CRWN 102 Project/dashboards-are-dead-app/metrics/2025-09-24.0/row_counts/theme=transportation/type=connector/part-00000-7f5477c8-1a68-4c63-8163-18d4ff87fb6c-c000.csv
Processed: /Users/aashna/Desktop/CRWN 102 Project/dashboards-are-dead-app/metrics/2025-09-24.0/row_counts/theme=addresses/type=address/part-00000-19f4adc8-d0ad-4bc5-8942-f9f5c146b5f6-c000.csv
Processed: /Users/aashna/Desktop/CRWN 102 Project/dashboards-are-dead-app/metrics/2025-04-23.0/row_counts/theme=buildings/type=building/part-00000-eedb6ba2-f405-4719-a554-8c7061cbb367-c000.csv
Processed: /Users/aashna/Desktop/CRWN 102 Project/dashboards-are-dead-app/metrics/2025-04-23.0/row_counts/theme=buildings/type=building_part/part-00000-0e9a0054-fc04-4a99-b6d6-f9beb397349e-c000.csv
Processed: /Users/aashna/Desktop/CRWN 102 Project/dashboards-are-dead-app/metrics/2025-04-23.0/row_counts/theme=base/type=land_cover/part-00000-15b93f97-8213-407a-bf36-157c6375f2f0-c000.csv
Processed: /Users/aashna/Desktop/CRWN 102 Project/dashboards-are-dead-app/metrics/2025-04-23.0/row_counts/theme=base/type=infrastructure/part-00000-faa97138-8518-45e5-87fd-c520f126cd7d-c000.csv
Processed: /Users/aashna/Desktop/CRWN 102 Project/dashboards-are-dead-app/metrics/2025-04-23.0/row_counts/theme=base/type=land/part-00000-567cc03d-ea2e-4508-aee0-d2f891026870-c000.csv
Processed: /Users/aashna/Desktop/CRWN 102 Project/dashboards-are-dead-app/metrics/2025-04-23.0/row_counts/theme=base/type=water/part-00000-07ea9923-ddcd-4fb0-8bce-9d9ea15bd3cc-c000.csv
Processed: /Users/aashna/Desktop/CRWN 102 Project/dashboards-are-dead-app/metrics/2025-04-23.0/row_counts/theme=base/type=land_use/part-00000-f7ffeec3-cfff-470f-a5c5-1a8411bf54e4-c000.csv
Processed: /Users/aashna/Desktop/CRWN 102 Project/dashboards-are-dead-app/metrics/2025-04-23.0/row_counts/theme=base/type=bathymetry/part-00000-4a45af5e-aaa2-4d03-b15f-62b31d376b2d-c000.csv
Processed: /Users/aashna/Desktop/CRWN 102 Project/dashboards-are-dead-app/metrics/2025-04-23.0/row_counts/theme=places/type=place/part-00000-513b04d1-754e-464e-a0f6-1d728356873c-c000.csv
Processed: /Users/aashna/Desktop/CRWN 102 Project/dashboards-are-dead-app/metrics/2025-04-23.0/row_counts/theme=divisions/type=division_boundary/part-00000-194938f4-c8a6-414d-a305-b6e46229ddf1-c000.csv
Processed: /Users/aashna/Desktop/CRWN 102 Project/dashboards-are-dead-app/metrics/2025-04-23.0/row_counts/theme=divisions/type=division/part-00000-908b1ff7-df53-430f-afed-09dd7a81655c-c000.csv
Processed: /Users/aashna/Desktop/CRWN 102 Project/dashboards-are-dead-app/metrics/2025-04-23.0/row_counts/theme=divisions/type=division_area/part-00000-2b4ad0b9-f9d0-4111-9620-4fb68cdb9e26-c000.csv
Processed: /Users/aashna/Desktop/CRWN 102 Project/dashboards-are-dead-app/metrics/2025-04-23.0/row_counts/theme=transportation/type=segment/part-00000-846a7e9a-2bd9-4179-b15e-71970dc43bae-c000.csv
Processed: /Users/aashna/Desktop/CRWN 102 Project/dashboards-are-dead-app/metrics/2025-04-23.0/row_counts/theme=transportation/type=connector/part-00000-0a5c0aed-0197-4059-b7c5-1e8c7da4df3b-c000.csv
Processed: /Users/aashna/Desktop/CRWN 102 Project/dashboards-are-dead-app/metrics/2025-04-23.0/row_counts/theme=addresses/type=address/part-00000-8706e861-f032-449a-bf10-bdf997a241bf-c000.csv
Processed: /Users/aashna/Desktop/CRWN 102 Project/dashboards-are-dead-app/metrics/2025-07-23.0/row_counts/theme=buildings/type=building/part-00000-213e9dcc-e436-4108-a666-0bf27e11822a-c000.csv
Processed: /Users/aashna/Desktop/CRWN 102 Project/dashboards-are-dead-app/metrics/2025-07-23.0/row_counts/theme=buildings/type=building_part/part-00000-9c1f4ea6-9b1f-4a84-8b1d-19395bccc9e2-c000.csv
Processed: /Users/aashna/Desktop/CRWN 102 Project/dashboards-are-dead-app/metrics/2025-07-23.0/row_counts/theme=base/type=land_cover/part-00000-6965032a-60a8-4947-9af1-0a174ac43252-c000.csv
Processed: /Users/aashna/Desktop/CRWN 102 Project/dashboards-are-dead-app/metrics/2025-07-23.0/row_counts/theme=base/type=infrastructure/part-00000-c13a232d-4e57-487b-810d-db29c8dbf25e-c000.csv
Processed: /Users/aashna/Desktop/CRWN 102 Project/dashboards-are-dead-app/metrics/2025-07-23.0/row_counts/theme=base/type=land/part-00000-1ae14716-0702-48c9-969b-0c9acd1269f8-c000.csv
Processed: /Users/aashna/Desktop/CRWN 102 Project/dashboards-are-dead-app/metrics/2025-07-23.0/row_counts/theme=base/type=water/part-00000-7f4e9226-6365-4edd-9442-b3a59799e4a7-c000.csv
Processed: /Users/aashna/Desktop/CRWN 102 Project/dashboards-are-dead-app/metrics/2025-07-23.0/row_counts/theme=base/type=land_use/part-00000-2fd949a1-e935-4864-8ac4-d613c38af963-c000.csv
Processed: /Users/aashna/Desktop/CRWN 102 Project/dashboards-are-dead-app/metrics/2025-07-23.0/row_counts/theme=base/type=bathymetry/part-00000-3e2333d7-cfe8-4481-864e-5f572081667b-c000.csv
Processed: /Users/aashna/Desktop/CRWN 102 Project/dashboards-are-dead-app/metrics/2025-07-23.0/row_counts/theme=places/type=place/part-00000-9961b6cd-dbf5-44b3-9a8e-65f5327972fd-c000.csv
Processed: /Users/aashna/Desktop/CRWN 102 Project/dashboards-are-dead-app/metrics/2025-07-23.0/row_counts/theme=divisions/type=division_boundary/part-00000-91b8358a-ea4e-4a55-bd47-ce3ff641ebb3-c000.csv
Processed: /Users/aashna/Desktop/CRWN 102 Project/dashboards-are-dead-app/metrics/2025-07-23.0/row_counts/theme=divisions/type=division/part-00000-773b4cce-2bdc-4100-b72c-bcf3be9af0ec-c000.csv
Processed: /Users/aashna/Desktop/CRWN 102 Project/dashboards-are-dead-app/metrics/2025-07-23.0/row_counts/theme=divisions/type=division_area/part-00000-25644880-a450-4a78-b2d8-fd2672c440a5-c000.csv
Processed: /Users/aashna/Desktop/CRWN 102 Project/dashboards-are-dead-app/metrics/2025-07-23.0/row_counts/theme=transportation/type=segment/part-00000-b62390c4-787c-4b5c-b1a2-d3749be1e287-c000.csv
Processed: /Users/aashna/Desktop/CRWN 102 Project/dashboards-are-dead-app/metrics/2025-07-23.0/row_counts/theme=transportation/type=connector/part-00000-be966afa-ee63-494c-bec4-22b4295bee6e-c000.csv
Processed: /Users/aashna/Desktop/CRWN 102 Project/dashboards-are-dead-app/metrics/2025-07-23.0/row_counts/theme=addresses/type=address/part-00000-81121280-cce0-4cf2-94fa-f1ccae8ca515-c000.csv
Processed: /Users/aashna/Desktop/CRWN 102 Project/dashboards-are-dead-app/metrics/2025-03-19.1/row_counts/theme=buildings/type=building/part-00000-d3972655-7a74-4933-a5ae-80ad1e3604de-c000.csv
Processed: /Users/aashna/Desktop/CRWN 102 Project/dashboards-are-dead-app/metrics/2025-03-19.1/row_counts/theme=buildings/type=building_part/part-00000-b30c218d-7836-4b98-a912-b5db4cb89d1b-c000.csv
Processed: /Users/aashna/Desktop/CRWN 102 Project/dashboards-are-dead-app/metrics/2025-03-19.1/row_counts/theme=base/type=land_cover/part-00000-1abf2c89-7709-4401-92b0-a48ecd5aeb13-c000.csv
Processed: /Users/aashna/Desktop/CRWN 102 Project/dashboards-are-dead-app/metrics/2025-03-19.1/row_counts/theme=base/type=infrastructure/part-00000-0c751cf6-e816-45b2-955f-f2a88998ae0b-c000.csv
Processed: /Users/aashna/Desktop/CRWN 102 Project/dashboards-are-dead-app/metrics/2025-03-19.1/row_counts/theme=base/type=land/part-00000-d2bfab1f-6510-42b5-8552-023a3c88adc5-c000.csv
Processed: /Users/aashna/Desktop/CRWN 102 Project/dashboards-are-dead-app/metrics/2025-03-19.1/row_counts/theme=base/type=water/part-00000-ad1b4017-789e-4cc4-8536-0436174e0d32-c000.csv
Processed: /Users/aashna/Desktop/CRWN 102 Project/dashboards-are-dead-app/metrics/2025-03-19.1/row_counts/theme=base/type=land_use/part-00000-ad3f6cf7-4b27-4da8-8e81-d96c27db4c9f-c000.csv
Processed: /Users/aashna/Desktop/CRWN 102 Project/dashboards-are-dead-app/metrics/2025-03-19.1/row_counts/theme=base/type=bathymetry/part-00000-860b9689-179e-48e5-8297-1a06cf15b0dc-c000.csv
Processed: /Users/aashna/Desktop/CRWN 102 Project/dashboards-are-dead-app/metrics/2025-03-19.1/row_counts/theme=places/type=place/part-00000-9b72aa95-bb86-4749-91c0-4e088f489e0d-c000.csv
Processed: /Users/aashna/Desktop/CRWN 102 Project/dashboards-are-dead-app/metrics/2025-03-19.1/row_counts/theme=divisions/type=division_boundary/part-00000-b44e068f-f629-4a5e-be8f-bfbc4b62ae54-c000.csv
Processed: /Users/aashna/Desktop/CRWN 102 Project/dashboards-are-dead-app/metrics/2025-03-19.1/row_counts/theme=divisions/type=division/part-00000-b5b3c67f-e206-47ba-a23f-e5191aae4aea-c000.csv
Processed: /Users/aashna/Desktop/CRWN 102 Project/dashboards-are-dead-app/metrics/2025-03-19.1/row_counts/theme=divisions/type=division_area/part-00000-db166b51-f2a4-4913-8feb-64cf7c78c22a-c000.csv
Processed: /Users/aashna/Desktop/CRWN 102 Project/dashboards-are-dead-app/metrics/2025-03-19.1/row_counts/theme=transportation/type=segment/part-00000-77b79904-e8b3-428d-ad2f-799364477b6d-c000.csv
Processed: /Users/aashna/Desktop/CRWN 102 Project/dashboards-are-dead-app/metrics/2025-03-19.1/row_counts/theme=transportation/type=connector/part-00000-953292ff-4f2b-40c5-8b9a-fea9e325e740-c000.csv
Processed: /Users/aashna/Desktop/CRWN 102 Project/dashboards-are-dead-app/metrics/2025-03-19.1/row_counts/theme=addresses/type=address/part-00000-83e6a24a-92e7-4a7e-846f-6bde3eaa4d8a-c000.csv
Processed: /Users/aashna/Desktop/CRWN 102 Project/dashboards-are-dead-app/metrics/2025-02-19.0/row_counts/theme=buildings/type=building/part-00000-ca3b3ef2-e1f8-4e6f-9230-6064a1e0344b-c000.csv
Processed: /Users/aashna/Desktop/CRWN 102 Project/dashboards-are-dead-app/metrics/2025-02-19.0/row_counts/theme=buildings/type=building_part/part-00000-a9d7e153-3ae1-4dc1-aa4d-17c0befc3d3f-c000.csv
Processed: /Users/aashna/Desktop/CRWN 102 Project/dashboards-are-dead-app/metrics/2025-02-19.0/row_counts/theme=base/type=land_cover/part-00000-744c1af5-1931-4b8f-889c-00055e209bf7-c000.csv
Processed: /Users/aashna/Desktop/CRWN 102 Project/dashboards-are-dead-app/metrics/2025-02-19.0/row_counts/theme=base/type=infrastructure/part-00000-333a9b1b-e861-4adb-827e-ccc878abd832-c000.csv
Processed: /Users/aashna/Desktop/CRWN 102 Project/dashboards-are-dead-app/metrics/2025-02-19.0/row_counts/theme=base/type=land/part-00000-ed128d61-ece8-422c-aaac-d28de410fd15-c000.csv
Processed: /Users/aashna/Desktop/CRWN 102 Project/dashboards-are-dead-app/metrics/2025-02-19.0/row_counts/theme=base/type=water/part-00000-821049a3-714a-4037-97b7-eab77305ad3f-c000.csv
Processed: /Users/aashna/Desktop/CRWN 102 Project/dashboards-are-dead-app/metrics/2025-02-19.0/row_counts/theme=base/type=land_use/part-00000-dc1bf5a8-aa64-4e5e-91e3-e5893ab37a6d-c000.csv
Processed: /Users/aashna/Desktop/CRWN 102 Project/dashboards-are-dead-app/metrics/2025-02-19.0/row_counts/theme=base/type=bathymetry/part-00000-545d671f-1bb0-4276-881b-6e0800873d0b-c000.csv
Processed: /Users/aashna/Desktop/CRWN 102 Project/dashboards-are-dead-app/metrics/2025-02-19.0/row_counts/theme=places/type=place/part-00000-13481596-3192-4978-aa8e-216fba293288-c000.csv
Processed: /Users/aashna/Desktop/CRWN 102 Project/dashboards-are-dead-app/metrics/2025-02-19.0/row_counts/theme=divisions/type=division_boundary/part-00000-75f17ff4-596d-454b-9e64-87f39d598081-c000.csv
Processed: /Users/aashna/Desktop/CRWN 102 Project/dashboards-are-dead-app/metrics/2025-02-19.0/row_counts/theme=divisions/type=division/part-00000-937ef709-1d5a-4a89-814f-3f1f543dd0be-c000.csv
Processed: /Users/aashna/Desktop/CRWN 102 Project/dashboards-are-dead-app/metrics/2025-02-19.0/row_counts/theme=divisions/type=division_area/part-00000-82b722b3-2ee4-4932-8817-df7efc5f7ed2-c000.csv
Processed: /Users/aashna/Desktop/CRWN 102 Project/dashboards-are-dead-app/metrics/2025-02-19.0/row_counts/theme=transportation/type=segment/part-00000-52ad9d3c-5fb8-470e-b543-d1361a65f639-c000.csv
Processed: /Users/aashna/Desktop/CRWN 102 Project/dashboards-are-dead-app/metrics/2025-02-19.0/row_counts/theme=transportation/type=connector/part-00000-f47a0271-2b21-4ce7-a639-ddc9ab897651-c000.csv
Processed: /Users/aashna/Desktop/CRWN 102 Project/dashboards-are-dead-app/metrics/2025-02-19.0/row_counts/theme=addresses/type=address/part-00000-5a5285d4-3b47-4907-86c4-88f075f7f323-c000.csv
Processed: /Users/aashna/Desktop/CRWN 102 Project/dashboards-are-dead-app/metrics/2025-05-21.0/row_counts/theme=buildings/type=building/part-00000-34b1ea28-accd-4421-a57f-7b9f6286092a-c000.csv
Processed: /Users/aashna/Desktop/CRWN 102 Project/dashboards-are-dead-app/metrics/2025-05-21.0/row_counts/theme=buildings/type=building_part/part-00000-9bec2533-59f6-442a-a377-d1355b89d94f-c000.csv
Processed: /Users/aashna/Desktop/CRWN 102 Project/dashboards-are-dead-app/metrics/2025-05-21.0/row_counts/theme=base/type=land_cover/part-00000-59d98504-11cd-4999-923d-0f321d636c3a-c000.csv
Processed: /Users/aashna/Desktop/CRWN 102 Project/dashboards-are-dead-app/metrics/2025-05-21.0/row_counts/theme=base/type=infrastructure/part-00000-8bf2191e-ba0d-4306-8965-ebd1224da099-c000.csv
Processed: /Users/aashna/Desktop/CRWN 102 Project/dashboards-are-dead-app/metrics/2025-05-21.0/row_counts/theme=base/type=land/part-00000-d9b60390-cba3-448e-a282-0bec9533a36c-c000.csv
Processed: /Users/aashna/Desktop/CRWN 102 Project/dashboards-are-dead-app/metrics/2025-05-21.0/row_counts/theme=base/type=water/part-00000-44ff9974-254b-4959-a14c-f33dc0075d12-c000.csv
Processed: /Users/aashna/Desktop/CRWN 102 Project/dashboards-are-dead-app/metrics/2025-05-21.0/row_counts/theme=base/type=land_use/part-00000-bffac078-4a80-48ac-b111-82dd0cab131f-c000.csv
Processed: /Users/aashna/Desktop/CRWN 102 Project/dashboards-are-dead-app/metrics/2025-05-21.0/row_counts/theme=base/type=bathymetry/part-00000-16570a1a-35f9-441c-96ff-7eb63cc295be-c000.csv
Processed: /Users/aashna/Desktop/CRWN 102 Project/dashboards-are-dead-app/metrics/2025-05-21.0/row_counts/theme=places/type=place/part-00000-d6d41dfa-ee83-4dab-9932-437dc84d4800-c000.csv
Processed: /Users/aashna/Desktop/CRWN 102 Project/dashboards-are-dead-app/metrics/2025-05-21.0/row_counts/theme=divisions/type=division_boundary/part-00000-ac6d83d1-bbd5-4914-938e-64a5d9abb6d6-c000.csv
Processed: /Users/aashna/Desktop/CRWN 102 Project/dashboards-are-dead-app/metrics/2025-05-21.0/row_counts/theme=divisions/type=division/part-00000-049da02d-c00f-4065-a44c-ce4e08251e6f-c000.csv
Processed: /Users/aashna/Desktop/CRWN 102 Project/dashboards-are-dead-app/metrics/2025-05-21.0/row_counts/theme=divisions/type=division_area/part-00000-7963fded-8e85-41aa-a176-b80217f2320f-c000.csv
Processed: /Users/aashna/Desktop/CRWN 102 Project/dashboards-are-dead-app/metrics/2025-05-21.0/row_counts/theme=transportation/type=segment/part-00000-e8546a3a-3636-413d-8258-a88758215d8f-c000.csv
Processed: /Users/aashna/Desktop/CRWN 102 Project/dashboards-are-dead-app/metrics/2025-05-21.0/row_counts/theme=transportation/type=connector/part-00000-c983f376-f1db-4153-b0d7-791e94aa3a3f-c000.csv
Processed: /Users/aashna/Desktop/CRWN 102 Project/dashboards-are-dead-app/metrics/2025-05-21.0/row_counts/theme=addresses/type=address/part-00000-6e07c074-a7a0-4692-a79d-99e758b2571c-c000.csv
Cleaned metrics saved to /Users/aashna/Desktop/CRWN 102 Project/dashboards-are-dead-app/metrics/cleaned_metrics.csv
